#
# There is insufficient memory for the Java Runtime Environment to continue.
# Native memory allocation (malloc) failed to allocate 1048576 bytes for AllocateHeap
# Possible reasons:
#   The system is out of physical RAM or swap space
#   In 32 bit mode, the process size limit was hit
# Possible solutions:
#   Reduce memory load on the system
#   Increase physical memory or swap space
#   Check if swap backing store is full
#   Use 64 bit Java on a 64 bit OS
#   Decrease Java heap size (-Xmx/-Xms)
#   Decrease number of Java threads
#   Decrease Java thread stack sizes (-Xss)
#   Set larger code cache with -XX:ReservedCodeCacheSize=
# This output file may be truncated or incomplete.
#
#  Out of Memory Error (memory/allocation.inline.hpp:61), pid=6496, tid=0x00000000000049f4
#
# JRE version:  (8.0_121-b13) (build )
# Java VM: Java HotSpot(TM) 64-Bit Server VM (25.121-b13 mixed mode windows-amd64 compressed oops)
# Failed to write core dump. Minidumps are not enabled by default on client versions of Windows
#

---------------  T H R E A D  ---------------

Current thread (0x00000000034d3800):  JavaThread "Unknown thread" [_thread_in_vm, id=18932, stack(0x00000000032d0000,0x00000000033d0000)]

Stack: [0x00000000032d0000,0x00000000033d0000]
[error occurred during error reporting (printing stack bounds), id 0xc0000005]

Native frames: (J=compiled Java code, j=interpreted, Vv=VM code, C=native code)


---------------  P R O C E S S  ---------------

Java Threads: ( => current thread )

Other Threads:

=>0x00000000034d3800 (exited) JavaThread "Unknown thread" [_thread_in_vm, id=18932, stack(0x00000000032d0000,0x00000000033d0000)]

VM state:not at safepoint (normal execution)

VM Mutex/Monitor currently owned by a thread: None

Heap:
 PSYoungGen      total 153088K, used 2631K [0x0000000715b80000, 0x0000000720600000, 0x00000007c0000000)
  eden space 131584K, 2% used [0x0000000715b80000,0x0000000715e11ec8,0x000000071dc00000)
  from space 21504K, 0% used [0x000000071f100000,0x000000071f100000,0x0000000720600000)
  to   space 21504K, 0% used [0x000000071dc00000,0x000000071dc00000,0x000000071f100000)
 ParOldGen       total 349696K, used 0K [0x00000005c1200000, 0x00000005d6780000, 0x0000000715b80000)
  object space 349696K, 0% used [0x00000005c1200000,0x00000005c1200000,0x00000005d6780000)
 Metaspace       used 770K, capacity 4480K, committed 4480K, reserved 1056768K
  class space    used 75K, capacity 384K, committed 384K, reserved 1048576K

Card table byte_map: [0x0000000012990000,0x0000000013990000] byte_map_base: 0x000000000fb87000

Marking Bits: (ParMarkBitMap*) 0x000000005785b6d0
 Begin Bits: [0x0000000014c40000, 0x000000001cbf8000)
 End Bits:   [0x000000001cbf8000, 0x0000000024bb0000)

Polling page: 0x0000000001960000

CodeCache: size=245760Kb used=328Kb max_used=328Kb free=245431Kb
 bounds [0x00000000035d0000, 0x0000000003840000, 0x00000000125d0000]
 total_blobs=58 nmethods=0 adapters=38
 compilation: enabled

Compilation events (0 events):
No events

GC Heap History (0 events):
No events

Deoptimization events (0 events):
No events

Internal exceptions (0 events):
No events

Events (10 events):
Event: 0.035 loading class java/lang/Short
Event: 0.036 loading class java/lang/Short done
Event: 0.036 loading class java/lang/Integer
Event: 0.036 loading class java/lang/Integer done
Event: 0.036 loading class java/lang/Long
Event: 0.036 loading class java/lang/Long done
Event: 0.036 loading class java/lang/NullPointerException
Event: 0.036 loading class java/lang/NullPointerException done
Event: 0.036 loading class java/lang/ArithmeticException
Event: 0.036 loading class java/lang/ArithmeticException done


Dynamic libraries:
0x00007ff74e9e0000 - 0x00007ff74ea17000 	C:\Program Files\Java\jdk1.8.0_121\bin\java.exe
0x00007ffe161d0000 - 0x00007ffe163b1000 	C:\WINDOWS\SYSTEM32\ntdll.dll
0x00007ffe15d00000 - 0x00007ffe15db2000 	C:\WINDOWS\System32\KERNEL32.DLL
0x00007ffe12650000 - 0x00007ffe128c3000 	C:\WINDOWS\System32\KERNELBASE.dll
0x00007ffe15470000 - 0x00007ffe15511000 	C:\WINDOWS\System32\ADVAPI32.dll
0x00007ffe15f00000 - 0x00007ffe15f9e000 	C:\WINDOWS\System32\msvcrt.dll
0x00007ffe15dc0000 - 0x00007ffe15e1b000 	C:\WINDOWS\System32\sechost.dll
0x00007ffe15a70000 - 0x00007ffe15b94000 	C:\WINDOWS\System32\RPCRT4.dll
0x00007ffe14f80000 - 0x00007ffe15110000 	C:\WINDOWS\System32\USER32.dll
0x00007ffe13280000 - 0x00007ffe132a0000 	C:\WINDOWS\System32\win32u.dll
0x00007ffe15e60000 - 0x00007ffe15e88000 	C:\WINDOWS\System32\GDI32.dll
0x00007ffe13420000 - 0x00007ffe135b2000 	C:\WINDOWS\System32\gdi32full.dll
0x00007ffe135c0000 - 0x00007ffe1365f000 	C:\WINDOWS\System32\msvcp_win.dll
0x00007ffe13320000 - 0x00007ffe13418000 	C:\WINDOWS\System32\ucrtbase.dll
0x00007ffe03310000 - 0x00007ffe03579000 	C:\WINDOWS\WinSxS\amd64_microsoft.windows.common-controls_6595b64144ccf1df_6.0.17134.648_none_fb45a0e93062a6d2\COMCTL32.dll
0x00007ffe13660000 - 0x00007ffe13982000 	C:\WINDOWS\System32\combase.dll
0x00007ffe132a0000 - 0x00007ffe1331a000 	C:\WINDOWS\System32\bcryptPrimitives.dll
0x00007ffe15e30000 - 0x00007ffe15e5d000 	C:\WINDOWS\System32\IMM32.DLL
0x00000000578e0000 - 0x00000000579b2000 	C:\Program Files\Java\jdk1.8.0_121\jre\bin\msvcr100.dll
0x0000000057040000 - 0x00000000578db000 	C:\Program Files\Java\jdk1.8.0_121\jre\bin\server\jvm.dll
0x00007ffe15460000 - 0x00007ffe15468000 	C:\WINDOWS\System32\PSAPI.DLL
0x00007ffe0fb50000 - 0x00007ffe0fb59000 	C:\WINDOWS\SYSTEM32\WSOCK32.dll
0x00007ffe15e90000 - 0x00007ffe15efc000 	C:\WINDOWS\System32\WS2_32.dll
0x00007ffe0e8f0000 - 0x00007ffe0e913000 	C:\WINDOWS\SYSTEM32\WINMM.dll
0x00007ffe0d2a0000 - 0x00007ffe0d2aa000 	C:\WINDOWS\SYSTEM32\VERSION.dll
0x00007ffe0e8c0000 - 0x00007ffe0e8ea000 	C:\WINDOWS\SYSTEM32\WINMMBASE.dll
0x00007ffe13230000 - 0x00007ffe13279000 	C:\WINDOWS\System32\cfgmgr32.dll
0x0000000058300000 - 0x000000005830f000 	C:\Program Files\Java\jdk1.8.0_121\jre\bin\verify.dll
0x0000000057010000 - 0x0000000057039000 	C:\Program Files\Java\jdk1.8.0_121\jre\bin\java.dll
0x0000000056f80000 - 0x0000000056fa3000 	C:\Program Files\Java\jdk1.8.0_121\jre\bin\instrument.dll
0x0000000056ff0000 - 0x0000000057006000 	C:\Program Files\Java\jdk1.8.0_121\jre\bin\zip.dll

VM Arguments:
jvm_args: -javaagent:C:\Program Files\JetBrains\IntelliJ IDEA 2018.3\lib\idea_rt.jar=53421:C:\Program Files\JetBrains\IntelliJ IDEA 2018.3\bin -Dfile.encoding=UTF-8 
java_command: com.x7ff.parser.tool.TesterKt C:\Users\Tommi\Documents\My Games\Rocket League\TAGame\Demos\B1BBD15348145A68EB25B495052425E4.replay
java_class_path (initial): C:\Program Files\Java\jdk1.8.0_121\jre\lib\charsets.jar;C:\Program Files\Java\jdk1.8.0_121\jre\lib\deploy.jar;C:\Program Files\Java\jdk1.8.0_121\jre\lib\ext\access-bridge-64.jar;C:\Program Files\Java\jdk1.8.0_121\jre\lib\ext\cldrdata.jar;C:\Program Files\Java\jdk1.8.0_121\jre\lib\ext\dnsns.jar;C:\Program Files\Java\jdk1.8.0_121\jre\lib\ext\jaccess.jar;C:\Program Files\Java\jdk1.8.0_121\jre\lib\ext\jfxrt.jar;C:\Program Files\Java\jdk1.8.0_121\jre\lib\ext\localedata.jar;C:\Program Files\Java\jdk1.8.0_121\jre\lib\ext\nashorn.jar;C:\Program Files\Java\jdk1.8.0_121\jre\lib\ext\sunec.jar;C:\Program Files\Java\jdk1.8.0_121\jre\lib\ext\sunjce_provider.jar;C:\Program Files\Java\jdk1.8.0_121\jre\lib\ext\sunmscapi.jar;C:\Program Files\Java\jdk1.8.0_121\jre\lib\ext\sunpkcs11.jar;C:\Program Files\Java\jdk1.8.0_121\jre\lib\ext\zipfs.jar;C:\Program Files\Java\jdk1.8.0_121\jre\lib\javaws.jar;C:\Program Files\Java\jdk1.8.0_121\jre\lib\jce.jar;C:\Program Files\Java\jdk1.8.0_121\jre\lib\jfr.jar;C:\Program Files\Java\jdk1.8.0_121\jre\lib\jfxswt.jar;C:\Program Files\Java\jdk1.8.0_121\jre\lib\jsse.jar;C:\Program Files\Java\jdk1.8.0_121\jre\lib\management-agent.jar;C:\Program Files\Java\jdk1.8.0_121\jre\lib\plugin.jar;C:\Program Files\Java\jdk1.8.0_121\jre\lib\resources.jar;C:\Program Files\Java\jdk1.8.0_121\jre\lib\rt.jar;E:\documents\workspace\rl-replay-parser\tools\out\production\classes;E:\documents\workspace\rl-replay-parser\lib\out\production\classes;C:\Users\Tommi\.gradle\caches\modules-2\files-2.1\org.jetbrains.kotlin\kotlin-stdlib-jdk8\1.3.10\71d0fa967493eb76648b575edf1762cb2d0c7f10\kotlin-stdlib-jdk8-1.3.10.jar;C:\Users\Tommi\.gradle\caches\modules-2\files-2.1\org.jetbrains.exposed\exposed\0.11.2\2e5f01348f2940b6e92259432711343bb1fb161\exposed-0.11.2.jar;C:\Users\Tommi\.gradle\caches\modules-2\files-2.1\org.xerial\sqlite-jdbc\3.25.2\bd3c4cde613b661871e861eb56656c4c39e1ee0a\sqlite-jdbc-3.25.2.jar;C:\Users\Tommi\.gradle\caches\modules-2\files-2.1\org.j
Launcher Type: SUN_STANDARD

Environment Variables:
JAVA_HOME=C:\PROGRA~1\Java\JDK18~2.0_1
PATH=C:\Program Files (x86)\Common Files\Oracle\Java\javapath;C:\Python36\;C:\Python36\Scripts\;C:\ProgramData\Oracle\Java\javapath;C:\Windows\system32;C:\Windows;C:\Windows\System32\Wbem;C:\Windows\System32\WindowsPowerShell\v1.0\;C:\Program Files (x86)\NVIDIA Corporation\PhysX\Common;C:\WINDOWS\system32;C:\WINDOWS;C:\WINDOWS\System32\Wbem;C:\WINDOWS\System32\WindowsPowerShell\v1.0\;C:\Users\Tommi\.dnx\bin;C:\Program Files\Microsoft DNX\Dnvm\;C:\Program Files\Microsoft SQL Server\130\Tools\Binn\;C:\Program Files\Git\cmd;C:\Program Files (x86)\Windows Kits\8.1\Windows Performance Toolkit\;C:\Users\Tommi\AppData\Local\Microsoft\WindowsApps;C:\Users\Tommi\AppData\Local\atom\bin;C:\adb;C:\WINDOWS\system32;C:\WINDOWS;C:\WINDOWS\System32\Wbem;C:\WINDOWS\System32\WindowsPowerShell\v1.0\;C:\Go\bin;C:\Program Files\Oracle\VirtualBox;C:\Program Files (x86)\Gpg4win\..\GnuPG\bin;C:\WINDOWS\System32\OpenSSH\;C:\Program Files (x86)\Microsoft VS Code\bin;C:\HashiCorp\Vagrant\bin;C:\Program Files\nodejs\;C:\Program Files (x86)\Yarn\bin\;D:\programs\windows\kubectl;C:\Program Files (x86)\Microsoft VS Code\bin;C:\Users\Tommi\AppData\Local\Microsoft\WindowsApps;C:\Program Files\Docker Toolbox;C:\Users\Tommi\AppData\Local\Microsoft\WindowsApps;;C:\Users\Tommi\AppData\Local\Programs\Microsoft VS Code\bin;C:\Users\Tommi\AppData\Roaming\npm;C:\Users\Tommi\AppData\Local\Yarn\bin
USERNAME=Tommi
OS=Windows_NT
PROCESSOR_IDENTIFIER=Intel64 Family 6 Model 94 Stepping 3, GenuineIntel



---------------  S Y S T E M  ---------------

OS: Windows 10.0 , 64 bit Build 17134 (10.0.17134.648)

CPU:total 8 (4 cores per cpu, 2 threads per core) family 6 model 94 stepping 3, cmov, cx8, fxsr, mmx, sse, sse2, sse3, ssse3, sse4.1, sse4.2, popcnt, avx, avx2, aes, clmul, erms, rtm, 3dnowpref, lzcnt, ht, tsc, tscinvbit, bmi1, bmi2, adx

Memory: 4k page, physical 33472980k(17401636k free), swap 34521556k(5144k free)

vm_info: Java HotSpot(TM) 64-Bit Server VM (25.121-b13) for windows-amd64 JRE (1.8.0_121-b13), built on Dec 12 2016 18:21:36 by "java_re" with MS VC++ 10.0 (VS2010)

time: Tue Apr 16 20:46:30 2019
elapsed time: 0 seconds (0d 0h 0m 0s)

